<?xml version="1.0" encoding="UTF-8"?>
<!-- Generated by org.testng.reporters.JUnitReportReporter -->
<testsuite hostname="INHYD-GF401B3" failures="0" tests="3" name="MockNativeSystem.MockNativeSystem" time="120.021" errors="0" timestamp="2022-06-20T20:45:12 IST" skipped="0">
  <testcase classname="MockNativeSystem.MockNativeSystem" name="Ruby" time="42.772"/>
  <system-out/>
  <testcase classname="MockNativeSystem.MockNativeSystem" name="CelticClouds" time="35.120"/>
  <system-out/>
  <testcase classname="MockNativeSystem.MockNativeSystem" name="Lucky" time="42.129"/>
  <system-out/>
</testsuite> <!-- MockNativeSystem.MockNativeSystem -->
