<?xml version="1.0" encoding="UTF-8"?>
<!-- Generated by org.testng.reporters.JUnitReportReporter -->
<testsuite hostname="INHYD-GF401B3" failures="0" tests="1" name="MockNativeSystem.NewTest" time="122.872" errors="0" timestamp="2022-06-16T18:27:55 IST" skipped="0">
  <testcase classname="MockNativeSystem.NewTest" name="f" time="122.872"/>
  <system-out/>
</testsuite> <!-- MockNativeSystem.NewTest -->
